pyxis: importing docker image: doduo1.umcn.nl#rubenvdw/nnunetv2:1.3
pyxis: imported docker image: doduo1.umcn.nl#rubenvdw/nnunetv2:1.3
[I 2024-11-04 09:32:17.678 ServerApp] jupyterlab | extension was successfully linked.
[I 2024-11-04 09:32:17.689 ServerApp] nbclassic | extension was successfully linked.
[I 2024-11-04 09:32:17.867 ServerApp] notebook_shim | extension was successfully linked.
[I 2024-11-04 09:32:17.890 ServerApp] notebook_shim | extension was successfully loaded.
[I 2024-11-04 09:32:17.892 LabApp] JupyterLab extension loaded from /usr/local/lib/python3.9/site-packages/jupyterlab
[I 2024-11-04 09:32:17.892 LabApp] JupyterLab application directory is /usr/local/share/jupyter/lab
[I 2024-11-04 09:32:17.896 ServerApp] jupyterlab | extension was successfully loaded.
[I 2024-11-04 09:32:17.899 ServerApp] nbclassic | extension was successfully loaded.
[I 2024-11-04 09:32:17.900 ServerApp] Serving notebooks from local directory: /data/diag/rubenvdw/nnunetv2/nnUNet
[I 2024-11-04 09:32:17.900 ServerApp] Jupyter Server 1.17.0 is running at:
[I 2024-11-04 09:32:17.901 ServerApp] http://dlc-groudon:8888/lab?token=aaf1e52892a6b41fc4a6a79233c55586db5388564224776f
[I 2024-11-04 09:32:17.901 ServerApp]  or http://127.0.0.1:8888/lab?token=aaf1e52892a6b41fc4a6a79233c55586db5388564224776f
[I 2024-11-04 09:32:17.901 ServerApp] Use Control-C to stop this server and shut down all kernels (twice to skip confirmation).
[C 2024-11-04 09:32:18.119 ServerApp] 
    
    To access the server, open this file in a browser:
        file:///home/joskevanderzande/.local/share/jupyter/runtime/jpserver-360482-open.html
    Or copy and paste one of these URLs:
        http://dlc-groudon:8888/lab?token=aaf1e52892a6b41fc4a6a79233c55586db5388564224776f
     or http://127.0.0.1:8888/lab?token=aaf1e52892a6b41fc4a6a79233c55586db5388564224776f
[W 2024-11-04 09:32:47.255 LabApp] Could not determine jupyterlab build status without nodejs
[I 2024-11-04 09:32:47.631 ServerApp] New terminal with automatic name: 1
slurmstepd: error: *** JOB 106203 ON dlc-groudon CANCELLED AT 2024-11-04T11:34:41 ***
